#! /usr/local/Cellar/icarus-verilog/11.0/bin/vvp
:ivl_version "11.0 (stable)";
:ivl_delay_selection "TYPICAL";
:vpi_time_precision - 12;
:vpi_module "/usr/local/Cellar/icarus-verilog/11.0/lib/ivl/system.vpi";
:vpi_module "/usr/local/Cellar/icarus-verilog/11.0/lib/ivl/vhdl_sys.vpi";
:vpi_module "/usr/local/Cellar/icarus-verilog/11.0/lib/ivl/vhdl_textio.vpi";
:vpi_module "/usr/local/Cellar/icarus-verilog/11.0/lib/ivl/v2005_math.vpi";
:vpi_module "/usr/local/Cellar/icarus-verilog/11.0/lib/ivl/va_math.vpi";
S_0x7f91a1a04dc0 .scope module, "ROM" "ROM" 2 2;
 .timescale -9 -12;
    .port_info 0 /INPUT 1 "clk";
    .port_info 1 /INPUT 14 "addr";
    .port_info 2 /OUTPUT 32 "dataOut";
P_0x6000031d8000 .param/l "ADDRESS_WIDTH" 0 2 2, +C4<00000000000000000000000000001110>;
P_0x6000031d8040 .param/l "DATA_WIDTH" 0 2 2, +C4<00000000000000000000000000001000>;
P_0x6000031d8080 .param/l "DEPTH" 0 2 2, +C4<00000000000000000100000000000000>;
P_0x6000031d80c0 .param/str "MEMFILE" 0 2 2, "\000";
v0x600003fd8240 .array "MemoryArray", 16383 0, 7 0;
o0x7f91a1832008 .functor BUFZ 14, C4<zzzzzzzzzzzzzz>; HiZ drive
v0x600003fd8480_0 .net "addr", 13 0, o0x7f91a1832008;  0 drivers
o0x7f91a1832038 .functor BUFZ 1, C4<z>; HiZ drive
v0x600003fd8510_0 .net "clk", 0 0, o0x7f91a1832038;  0 drivers
v0x600003fd85a0_0 .var "dataOut", 31 0;
E_0x6000003d0090 .event posedge, v0x600003fd8510_0;
    .scope S_0x7f91a1a04dc0;
T_0 ;
    %pushi/vec4 0, 0, 32;
    %store/vec4 v0x600003fd85a0_0, 0, 32;
    %end;
    .thread T_0;
    .scope S_0x7f91a1a04dc0;
T_1 ;
    %end;
    .thread T_1;
    .scope S_0x7f91a1a04dc0;
T_2 ;
    %wait E_0x6000003d0090;
    %load/vec4 v0x600003fd8480_0;
    %pad/u 16;
    %ix/vec4 4;
    %load/vec4a v0x600003fd8240, 4;
    %load/vec4 v0x600003fd8480_0;
    %pad/u 33;
    %addi 1, 0, 33;
    %ix/vec4 4;
    %load/vec4a v0x600003fd8240, 4;
    %concat/vec4; draw_concat_vec4
    %load/vec4 v0x600003fd8480_0;
    %pad/u 33;
    %addi 2, 0, 33;
    %ix/vec4 4;
    %load/vec4a v0x600003fd8240, 4;
    %concat/vec4; draw_concat_vec4
    %load/vec4 v0x600003fd8480_0;
    %pad/u 33;
    %addi 3, 0, 33;
    %ix/vec4 4;
    %load/vec4a v0x600003fd8240, 4;
    %concat/vec4; draw_concat_vec4
    %assign/vec4 v0x600003fd85a0_0, 0;
    %jmp T_2;
    .thread T_2;
# The file index is used to find the file name in the following table.
:file_names 3;
    "N/A";
    "<interactive>";
    "ROM.v";
